fa             [fa]           "láb; lép"
fan            [fan]          "lépés"
faa            [faa]          "fordul"
fyi            [fi]           "szőr"
fitha          [fitha]
fyii           [fii]          "puha"
fẏ             [fu]           "tojás"
và             [fà]           "valaki gyereke"
fyái           [fá]           "pénisz"
fyì            [fì]           "dönt, választ"
fìn            [fìn]          "választott"
fyìi           [fìi]          "visz, akar"
fyé            [fí]           "meleg"
féa            [fía]          "lélek, életerő"
féia           [fíia]         "meleg"
vù             [fù]           "ürülék"
vúo            [fú]           "üt"
ma             [ma]           "kéz"
mi             [mi]           "hírnév, hatalom"
mà             [mà]           "jó"
màu            [màu]          "elégedettség"
màng           [màng]         "igen"
màa            [màa]          "jóllakott"
mái            [má]           "család"
mì             [mì]           "porc"
mìa            [mìa]          "rugalmas"
mé             [mí]           "szopik; tej"
méi            [míi]          "testvér"
mu             [mu]           "valaki"
mù             [mù]           "nagy állat, úr, antróp"
mùi            [mùi]          "ragadozó"
mó             [mú]           "ül"
móu            [múu]          "tyúk"
na             [na]           "öl"
nga            [nga]          "hát"
ghan           [ngan]         "hegy"
ghi            [ngi]          "alszik; gömb"
ghiu           [ngiu]         "összetekeredik"
ghu            [ngu]          "béka"
ghà            [ngà]          "harap"
ái             [ngá]          "nyal"
ngì            [ngì]          "máj"
ngìa           [ngìa]         "finom"
ngìn           [ngìn]         "orvosság"
ngé            [ngí]          "*én"
éa             [ngía]         "én"
ngù            [ngù]          "here"
ú              [ngú]          "ellenség"
úa             [ngúa]         "beteg"
úi             [ngúi]         "betegség"
ni             [ni]           "ki, elő"
nini           [nini]         "vagina"
nu             [nu]           "szív"
nuia           [nuia]         "nagyszerű"
nula           [nura]         "mosolyog (dorombol)"
nà             [nà]           "észrevesz"
nàa            [nàa]          "tud"
nài            [nài]          "mozog"
nàn            [nàn]          "lény"
nái            [ná]           "anyám"
nì             [nì]           "eszik"
nìqhu          [nìxu]         "étel"
né             [ní]           "szürkület, hajnal"
néi            [níi]          "tér"
néa            [nía]          "horizont"
nù             [nù]           "*patkány"
nùqhu          [nùxu]         "vándorpatkány"
nó             [nú]           "szül"
nóa            [núa]          "új"
nói            [núi]          "teremt"
qha            [xa]           "vadászik"
qhi            [xi]           "esik (eső)"
qhimù          [ximù]         "zuhan"
qhiu           [xiu]          "eső"
qhu            [xu]           "egér"
ghà            [xà]           "ki? mi?"
hái            [xá]           "fej"
hán            [xán]          "homlok"
ghì            [xì]           "fut"
hé             [xí]           "ti"
ghù            [xù]           "szag"
ghùn           [xùn]          "nyom"
qhùu           [xùu]          "út"
húo            [xú]           "farok"
húthá          [xúthá]        "mögött"
la             [ra]           "ugrik"
li             [ri]           "*éjszaka"
lin            [rin]          "éjszaka"
lu             [ru]           "*gödör"
lua            [rua]          "fekete"
luia           [ruia]         "mély, sötét"
lung           [rung]         "mély"
lun            [run]          "gödör"
rà             [rà]           "szexel"
ràa            [ràa]          "szex"
rái            [rá]           "dolog, tárgy"
rêa            [ráa]          "föld, talaj"
ryéi           [rái]          "kő"
ryì            [rì]           "kígyó"
ryìng          [rìng]         "gonosz, ijesztő"
ryé            [rí]           "hús"
rù             [rù]           "száj"
rúo            [rú]           "bél"
sa             [sa]           "fúj; harag"
si             [si]           "bajusz"
sii            [sii]          "lát"
sia            [sia]          "megjelenik"
su             [su]           "levél"
sua            [sua]          "gyógynövény"
suu            [suu]          "nő"
sà             [sà]           "veréb; lélek"
sái            [sá]           "nappal"
sêa            [sáa]          "fény"
sán            [sán]          "csillag"
sì             [sì]           "hideg"
sìu            [sìu]          "kevés, szűkös"
sìa            [sìa]          "hideg, halott"
sé             [sí]           "fél"
séi            [síi]          "félelem"
sù             [sù]           "pisil"
súo            [sú]           "szopik"
tha            [tha]          "karom"
thi            [thi]          "fióka"
thu            [thu]          "fa"
thà            [thà]          "mászik"
thái           [thá]          "nincs"
thì            [thì]          "hol?"
thé            [thí]          "orr"
thù            [thù]          "nem"
thúo           [thú]          "test"
thúa           [thúa]         "válik valamilyenné"
wa             [wa]           "pocok"
wi             [wi]           "csont"
wu             [wu]           "van"
wufya          [wufa]         "áll"
wà             [wà]           "megy"
wái            [wá]           "hall; fül"
wé             [wé]           "iszik"
wì             [wì]           "rigó"
wé             [wí]           "víz"
wù             [wù]           "hal"
wúo            [wú]           "fog"
ya             [ya]           "mond"
yaa            [yaa]          "beszél"
yi             [yi]           "szem"
yu             [yu]           "kacsa"
yuan           [yuan]         "lúd"
yà             [yà]           "tüzelő nő"
yái            [yá]           "nyúl"
yì             [yì]           "*gyerek"
yìan           [yìan]         "gyerek"
yìn            [yìn]          "kamasz gyerek"
yìu            [yìu]          "kicsi"
yé             [yí]           "vonul, megy valahova"
yéa            [yía]          "fehér"
yù             [yù]           "vér"
yó             [yú]           "*férfi"
               []
nga            [nnga]         "hát"
ngan           [nngan]        "hegy"
ngi            [nngi]         "alszik; gömb"
ngiu           [nngiu]        "összetekeredik"
éyà            [ngí yà]       "én"
muyà           [mu yà]        "ő G1f"
muyó           [mu yú]        "ő G1m"
muyì           [mu yì]        "ő G2"
mùyàna         [mù yà na]     "ők"
nànà           [nà nà]        "gondolkodik, gondolat"
mànà           [mà nà]        "jó gondolat"
naghà          [na ñà]        "nyak"
éméng          [ñímíñ]        "jóllakott, elégedett"
ghàng          [ñàñ]          "nyitott száj"
qhan           [xan]          "vadász, ember"
nimái          [ni má]        "szülőhely, fészek"
nàwà           [nà wà]        "elmúlik;múlt"
yangé          [ya ngí]       "név"
fìla           [fìra]         "küld"
ghila          [ñira]         "forog"
áina           [ñá na]        "tiszta"
áinga          [ñá ña]        "mosakszik"
wàu            [wàu]          "válni, lenni"
mùa            [mùa]
nàu            [nuà]          "észrevevés, látás"
yàu            [yuà]          "tekintet, nézés"
yéà            [yíà]          "Hold"
wài            [wài]          "forrás, kút, ér"
sáili          [sá li]        "idő"
sáiné          [sá ní]        "hajnal"
méyàa          [mí yàa]       "nő"
faala          [faa ra]       "láb"
fyáila         [fá ra]        "hegy, csúcs"
lurái          [ru rá]        "padló"
fawà           [fawà]         "megyek"
mufawà         [mu fawà]      "megy G1-G2"
yifawà         [yi fawà]      "megy G3"
mùfawà         [mù fawà]      "megy G4"
nafawà         [na fawà]      "megy G5"
ráifawà        [rá fawà]      "megy G6"
mufaúwà        [mu faúwà]
yifaúwà        [yi faúwà]
mùfaúwà        [mù faúwà]     "éppen megy G4"
nafaúwà        [na faúwà]
ráifaúwà       [rá faúwà]
mufaàwà        [mu faàwà]
yifaàwà        [yi faàwà]
mùfaàwà        [mù faàwà]     "elindul(t) G4"
nafaàwà        [na faàwà]
ráifaàwà       [rá faàwà]
munàú          [mu nàú]
yinàú          [yi nàú]
mùnàú          [mù nàú]       "éppen gondolkodik G4"
nanàú          [na nàú]
ráinàú         [rá nàú]
munàà          [mu nàà]
yinàà          [yi nàà]
mùnàà          [mù nàà]       "rágondol G4"
nanàà          [na nàà]
ráinàà         [rá nàà]
fawàthú        [fawàthú]      "haladóvá válik > "
fawàthúa       [fawàthúa]     "megtetté válik > megtett (út)"
fawàthu        [fawàthu]      "utazgatóvá válik"
nàthú          [nàthú]        "érzékeltté válik > érzékelt"
nàthúa         [nàthúa]       "észrevetté válik > észrevett"
nàthu          [nàthu]        "észrevehető, érzékelhetővé válik "
nathú          [nathú]        "halottá válik válik > érzékelt"
nathúa         [nathúa]       "megöltté válik > észrevett"
nathu          [nathu]        "halandóvá válik "
muathúa        [muathúa]      "erőssé válik"
ghusì          [ñusì]         "te (desp.)"
ghasá          [ñasá]         "tűz"
séa            [sía]          "öreg, régi, hatalmas"
séathúa        [síathúa]      "öregszik, hatalmassá válik"
alaqhu         [araxu]        "legfeljebb"
alayà          [arayà]
alayó          [arayú]
vúomù          [fú mù]        "ütközik"
qhìila         [xìi ra]       "gyorsan fut"
saghà          [sa ñà]        "zombi"
naqha          [naxa]         "halandó; zsákmányállat"
mêathu         [máa tu]       "rend, közösség, igazság"
faatha         [faa ta]       "fordulat, visszavágás, csapás; érv"
húà            [xúà]          "utolsó, végső"
lià            [rià]          "hajnal"
yéalua         [yía rua]      "fekete-fehér"
héya           [xí ya]        "érdekes dolog"
qhùi           [xùi]          "szó"
rúa            [rúa]          "húst rág"
yéi            [yái]          "el; mindjárt"
nirúo          [ni rú]        "barlang, terem, üreg"